<?xml version="1.0" encoding="UTF-8"?>
<testsuite xmlns:xsi="http://www.w3.org/2001/XMLSchema-instance" xsi:noNamespaceSchemaLocation="https://maven.apache.org/surefire/maven-surefire-plugin/xsd/surefire-test-report-3.0.xsd" version="3.0" name="com.example.PaginatedAPIDataExtractor" time="3.409" tests="1" errors="1" skipped="0" failures="0">
  <properties>
[...]
</properties>
  <testcase name="testFetchAllClaimsData" classname="com.example.PaginatedAPIDataExtractor" time="3.373">
    <error message="API call failed! Expected 200 but got 500" type="java.lang.RuntimeException"><![CDATA[java.lang.RuntimeException: API call failed! Expected 200 but got 500
	at com.example.PaginatedAPIDataExtractor.testFetchAllClaimsData(PaginatedAPIDataExtractor.java:76)
	at java.base/java.lang.reflect.Method.invoke(Method.java:568)
	at java.base/java.util.ArrayList.forEach(ArrayList.java:1511)
	at java.base/java.util.ArrayList.forEach(ArrayList.java:1511)
]]></error>
    <system-out><![CDATA[API Request Offset: 0
API Response Code: 500
]]></system-out>
    <system-err><![CDATA[Error: API call failed with status code 500
Response Body: {"statusCode":500,"message":"Server error"}
]]></system-err>
  </testcase>
</testsuite>