<?xml version="1.0" encoding="UTF-8"?>
<testsuite xmlns:xsi="http://www.w3.org/2001/XMLSchema-instance" xsi:noNamespaceSchemaLocation="https://maven.apache.org/surefire/maven-surefire-plugin/xsd/surefire-test-report-3.0.xsd" version="3.0" name="com.example.AppTest" time="3.627" tests="1" errors="0" skipped="0" failures="0">
  <properties>
[...]
</properties>
  <testcase name="testGetPracticeSettingAndSaveAsJs" classname="com.example.AppTest" time="3.587">
    <system-out><![CDATA[HTTP/1.1 200 OK
X-Powered-By: Express
Access-Control-Allow-Origin: *
Content-Type: application/json; charset=utf-8
ETag: W/"4a6-vWe+DG1OzwJkAE7nS82lLVe1plw"
Vary: Accept-Encoding
Content-Encoding: gzip
Date: Thu, 12 Dec 2024 09:06:40 GMT
Connection: keep-alive
Keep-Alive: timeout=5
Transfer-Encoding: chunked

{
    "message": "Success",
    "statusCode": 200,
    "result": {
        "_id": "6630b50147b247c7c8ee8f1c",
        "settings": [
            "6526486850831666c8b25a1f",
            "6526486850831666c8b25a21",
            "6526486850831666c8b25a22"
        ],
        "p_id": "6630b50147b247c7c8ee8ea7",
        "addressOption": "practice",
        "priorAuthScreens": [
            "Scheduling",
            "Encounters",
            "Facesheet",
            "Claims"
        ],
        "reopenEncounterUsers": [
            
        ],
        "created_date": "2024-04-30T09:08:17.685Z",
        "faxMode": "practice_fax_number",
        "outboundMode": "service_outbound_number",
        "status": 1,
        "billingProvider": "practice",
        "communicationDetails": {
            "numberAreaCode": "201",
            "outboundNumber": "12017711171",
            "inboundNumber": "18329170917",
            "outboundNumberStatus": 1
        },
        "encounterNotification": {
            "showPendingCount": false,
            "reminderInterval": 1
        },
        "epcsNominatedUser": "6662d747860e9c5620154606",
        "faxDetails": {
            "fax_mode": "",
            "active": false,
            "fax_product_id": "",
            "fax_number": "8329170917"
        },
        "paymentSettings": {
            "credit_card": 0,
            "debit_card": 0,
            "ach": 0
        },
        "updated_date": "2024-12-11T07:03:29.801Z",
        "telemedicineSettings": {
            "takePayment": true,
            "isInsuranceAccepted": false,
            "paymentMandatory": false,
            "teleMedicineFee": "10"
        },
        "billingType": 1,
        "calenderDuration": {
            "timeduration": "02:00:00",
            "minmax": 10
        },
        "clearing_house_key": "trizetto",
        "clearing_house_name": "TriZetto"
    }
}
Response saved to JS file: src/test/resources/output/practiceSettingResponse.js
]]></system-out>
  </testcase>
</testsuite>