<?xml version="1.0" encoding="UTF-8"?>
<testsuite xmlns:xsi="http://www.w3.org/2001/XMLSchema-instance" xsi:noNamespaceSchemaLocation="https://maven.apache.org/surefire/maven-surefire-plugin/xsd/surefire-test-report-3.0.xsd" version="3.0" name="com.example.Patientfirstname" time="13.044" tests="1" errors="0" skipped="0" failures="0">
  <properties>
[...]
</properties>
  <testcase name="testGetPatientdata" classname="com.example.Patientfirstname" time="13.0">
    <system-out><![CDATA[Page 0 - Extracted First Names: [Sukumar, Mark, Robeert, Jesse, Test, Encounter, Jack, Sid, Mavis, Laurette, Eliana, Solomon, Self, Edit, Amreeth, James, John, Esperanza, Georgette, Byron]
Page 0 - Extracted Last Names: [N, Hood, Williams, Pinkman, A, Testsrv, Sparrow, Boyle, Schulist, Lind, Erdman, Haag, Pay, Claim, Kp, Smith, Cena, Brekke, Schroeder, Parisian]
Page 0 - Extracted SelfPay Statuses: [false, null, false, false, false, false, false, true, true, null, true, null, true, false, true, false, false, null, null, null]
Page 1 - Extracted First Names: [Wood, Afzal, Billing, Test, Sourav, Radiousone, Radious, Olly, Olly, Olly, Olly, Olly, Olly, Olly, Olly, Sourav, Daniel, Emily, New, James]
Page 1 - Extracted Last Names: [Jane, As, Filter, Patient34, Susarione, Smith, Smith, Pope, Pope, Pope, Pope, Pope, Pope, Pope, Pope, Susarione, Robinson, Johnson, Patient4, Taylor]
Page 1 - Extracted SelfPay Statuses: [true, false, false, false, false, false, false, false, false, false, false, false, false, false, false, false, false, false, false, false]
Page 2 - Extracted First Names: [Anon, Anon, Rimuru, Rebill, Meow, Rebill, Anon, Anon, Anon, Anon, Elizabeth, Test, Settle, Test, Collect, Joe, Collect, Check, Harry, Child]
Page 2 - Extracted Last Names: [Three, Three, Tempest, Three, one, TestTwo, Five, Four, Four, Three, Johnson, Test, Patient, Insurance, Payment12, Root, Payment1, Eligiblity12, Potter, Patient]
Page 2 - Extracted SelfPay Statuses: [false, false, false, false, false, false, false, false, false, false, false, null, true, false, false, false, false, false, false, false]
Page 3 - Extracted First Names: [Spouse, Other, Employee, Sourav, Shaik, Tejaswini, Ashok, Vinay, Sourav, New, Test, Billing]
Page 3 - Extracted Last Names: [Patient, Patient, Patient, Test, Sultana, Parvathaneni, Kumar, Test, Susari, Two, One, Test]
Page 3 - Extracted SelfPay Statuses: [false, false, false, false, false, false, false, false, false, false, false, false]
Page 4 - Extracted First Names: []
Page 4 - Extracted Last Names: []
Page 4 - Extracted SelfPay Statuses: []
No valid patient data found on page 4
Patient details saved to JSON file: src/test/resources/output/PatientDetails.json
]]></system-out>
  </testcase>
</testsuite>